2025-07-10 15:54:31,068 - system - INFO - StockSage.AI logging system initialized | module=system
2025-07-10 15:54:31,068 - system - INFO - Python version: 3.13.3 (main, Jun 16 2025, 18:15:32) [GCC 14.2.0] | module=system
2025-07-10 15:54:31,068 - system - INFO - Working directory: /workspace | module=system
2025-07-10 15:54:31,068 - system - INFO - Log level: INFO | module=system
2025-07-10 15:54:31,068 - system - INFO - Environment: development | module=system
2025-07-10 15:54:31,070 - __main__ - INFO - ================================================================================ | module=__main__
2025-07-10 15:54:31,070 - __main__ - INFO - üöÄ Starting StockSage.AI Data Validation & Quality Checks Demo | module=__main__
2025-07-10 15:54:31,071 - __main__ - INFO - ================================================================================ | module=__main__
2025-07-10 15:54:31,071 - __main__ - INFO - 
============================================================ | module=__main__
2025-07-10 15:54:31,071 - __main__ - INFO - üìà TEST 1: Market Data Validation | module=__main__
2025-07-10 15:54:31,071 - __main__ - INFO - ============================================================ | module=__main__
2025-07-10 15:54:31,071 - __main__ - INFO - 
--- Testing CLEAN market data --- | module=__main__
2025-07-10 15:54:31,071 - __main__ - INFO - Creating sample market data for AAPL | module=__main__
2025-07-10 15:54:31,073 - src.data.validation - INFO - Starting validation for AAPL_clean_market (market) | module=src.data.validation
2025-07-10 15:54:31,086 - src.data.validation - INFO - Validation completed for AAPL_clean_market. Quality score: 88.0 | module=src.data.validation
2025-07-10 15:54:31,086 - src.data.validation - INFO - === Validation Report for AAPL_clean_market === | module=src.data.validation
2025-07-10 15:54:31,086 - src.data.validation - INFO - Dataset: 37 rows √ó 5 columns | module=src.data.validation
2025-07-10 15:54:31,086 - src.data.validation - INFO - Quality Score: 88.0/100 | module=src.data.validation
2025-07-10 15:54:31,086 - src.data.validation - INFO - Valid: ‚úì | module=src.data.validation
2025-07-10 15:54:31,086 - src.data.validation - INFO - Issues: {'info': 2, 'warning': 2} | module=src.data.validation
2025-07-10 15:54:31,086 - __main__ - INFO - 
--- Testing DIRTY market data (with errors) --- | module=__main__
2025-07-10 15:54:31,087 - __main__ - INFO - Creating sample market data for AAPL | module=__main__
2025-07-10 15:54:31,088 - __main__ - INFO - Introducing validation errors for testing | module=__main__
2025-07-10 15:56:21,292 - system - INFO - StockSage.AI logging system initialized | module=system
2025-07-10 15:56:21,293 - system - INFO - Python version: 3.13.3 (main, Jun 16 2025, 18:15:32) [GCC 14.2.0] | module=system
2025-07-10 15:56:21,293 - system - INFO - Working directory: /workspace | module=system
2025-07-10 15:56:21,293 - system - INFO - Log level: INFO | module=system
2025-07-10 15:56:21,293 - system - INFO - Environment: development | module=system
2025-07-10 15:56:21,295 - __main__ - INFO - ================================================================================ | module=__main__
2025-07-10 15:56:21,295 - __main__ - INFO - üöÄ Starting StockSage.AI Data Validation & Quality Checks Demo | module=__main__
2025-07-10 15:56:21,295 - __main__ - INFO - ================================================================================ | module=__main__
2025-07-10 15:56:21,295 - __main__ - INFO - 
============================================================ | module=__main__
2025-07-10 15:56:21,295 - __main__ - INFO - üìà TEST 1: Market Data Validation | module=__main__
2025-07-10 15:56:21,296 - __main__ - INFO - ============================================================ | module=__main__
2025-07-10 15:56:21,296 - __main__ - INFO - 
--- Testing CLEAN market data --- | module=__main__
2025-07-10 15:56:21,296 - __main__ - INFO - Creating sample market data for AAPL | module=__main__
2025-07-10 15:56:21,297 - src.data.validation - INFO - Starting validation for AAPL_clean_market (market) | module=src.data.validation
2025-07-10 15:56:21,309 - src.data.validation - INFO - Validation completed for AAPL_clean_market. Quality score: 88.0 | module=src.data.validation
2025-07-10 15:56:21,310 - src.data.validation - INFO - === Validation Report for AAPL_clean_market === | module=src.data.validation
2025-07-10 15:56:21,310 - src.data.validation - INFO - Dataset: 37 rows √ó 5 columns | module=src.data.validation
2025-07-10 15:56:21,310 - src.data.validation - INFO - Quality Score: 88.0/100 | module=src.data.validation
2025-07-10 15:56:21,310 - src.data.validation - INFO - Valid: ‚úì | module=src.data.validation
2025-07-10 15:56:21,310 - src.data.validation - INFO - Issues: {'info': 2, 'warning': 2} | module=src.data.validation
2025-07-10 15:56:21,310 - __main__ - INFO - 
--- Testing DIRTY market data (with errors) --- | module=__main__
2025-07-10 15:56:21,310 - __main__ - INFO - Creating sample market data for AAPL | module=__main__
2025-07-10 15:56:21,311 - __main__ - INFO - Introducing validation errors for testing | module=__main__
2025-07-10 15:56:21,313 - src.data.validation - INFO - Starting validation for AAPL_dirty_market (market) | module=src.data.validation
2025-07-10 15:56:21,324 - src.data.validation - INFO - Validation completed for AAPL_dirty_market. Quality score: 1.2 | module=src.data.validation
2025-07-10 15:56:21,324 - src.data.validation - INFO - === Validation Report for AAPL_dirty_market === | module=src.data.validation
2025-07-10 15:56:21,325 - src.data.validation - INFO - Dataset: 38 rows √ó 5 columns | module=src.data.validation
2025-07-10 15:56:21,325 - src.data.validation - INFO - Quality Score: 1.2/100 | module=src.data.validation
2025-07-10 15:56:21,325 - src.data.validation - INFO - Valid: ‚úì | module=src.data.validation
2025-07-10 15:56:21,325 - src.data.validation - INFO - Issues: {'info': 3, 'warning': 3, 'error': 8} | module=src.data.validation
2025-07-10 15:56:21,325 - src.data.validation - ERROR - ERROR: DatetimeIndex is not properly sorted | module=src.data.validation
2025-07-10 15:56:21,325 - src.data.validation - ERROR - ERROR: Found 1 duplicate index values | module=src.data.validation
2025-07-10 15:56:21,325 - src.data.validation - ERROR - ERROR: Column 'Close' has 1 values below minimum 0 | module=src.data.validation
2025-07-10 15:56:21,326 - src.data.validation - ERROR - ERROR: Column 'Volume' has 1 values below minimum 0 | module=src.data.validation
2025-07-10 15:56:21,326 - src.data.validation - ERROR - ERROR: High price violations: 2 cases where High < max(Open, Close) | module=src.data.validation
2025-07-10 15:56:21,326 - src.data.validation - ERROR - ERROR: Low price violations: 2 cases where Low > min(Open, Close) | module=src.data.validation
2025-07-10 15:56:21,326 - src.data.validation - ERROR - ERROR: Negative volume: 1 cases | module=src.data.validation
2025-07-10 15:56:21,326 - src.data.validation - ERROR - ERROR: Non-positive prices in Close: 1 cases | module=src.data.validation
2025-07-10 15:56:21,326 - __main__ - INFO - 
============================================================ | module=__main__
2025-07-10 15:56:21,326 - __main__ - INFO - üí≠ TEST 2: Sentiment Data Validation | module=__main__
2025-07-10 15:56:21,326 - __main__ - INFO - ============================================================ | module=__main__
2025-07-10 15:56:21,327 - __main__ - INFO - 
--- Testing CLEAN sentiment data --- | module=__main__
2025-07-10 15:56:21,327 - __main__ - INFO - Creating sample sentiment data for AAPL | module=__main__
2025-07-10 15:56:21,330 - src.data.validation - INFO - Starting validation for AAPL_clean_sentiment (sentiment) | module=src.data.validation
2025-07-10 15:56:21,337 - src.data.validation - INFO - Validation completed for AAPL_clean_sentiment. Quality score: 97.0 | module=src.data.validation
2025-07-10 15:56:21,337 - src.data.validation - INFO - === Validation Report for AAPL_clean_sentiment === | module=src.data.validation
2025-07-10 15:56:21,337 - src.data.validation - INFO - Dataset: 90 rows √ó 4 columns | module=src.data.validation
2025-07-10 15:56:21,337 - src.data.validation - INFO - Quality Score: 97.0/100 | module=src.data.validation
2025-07-10 15:56:21,338 - src.data.validation - INFO - Valid: ‚úì | module=src.data.validation
2025-07-10 15:56:21,338 - src.data.validation - INFO - Issues: {'info': 3} | module=src.data.validation
2025-07-10 15:56:21,338 - __main__ - INFO - 
--- Testing DIRTY sentiment data (with errors) --- | module=__main__
2025-07-10 15:56:21,338 - __main__ - INFO - Creating sample sentiment data for AAPL | module=__main__
2025-07-10 15:56:21,342 - __main__ - INFO - Introducing sentiment validation errors for testing | module=__main__
2025-07-10 15:56:21,344 - src.data.validation - INFO - Starting validation for AAPL_dirty_sentiment (sentiment) | module=src.data.validation
2025-07-10 15:56:21,349 - src.data.validation - INFO - Validation completed for AAPL_dirty_sentiment. Quality score: 36.6 | module=src.data.validation
2025-07-10 15:56:21,349 - src.data.validation - INFO - === Validation Report for AAPL_dirty_sentiment === | module=src.data.validation
2025-07-10 15:56:21,350 - src.data.validation - INFO - Dataset: 90 rows √ó 4 columns | module=src.data.validation
2025-07-10 15:56:21,350 - src.data.validation - INFO - Quality Score: 36.6/100 | module=src.data.validation
2025-07-10 15:56:21,350 - src.data.validation - INFO - Valid: ‚úì | module=src.data.validation
2025-07-10 15:56:21,350 - src.data.validation - INFO - Issues: {'info': 3, 'error': 6} | module=src.data.validation
2025-07-10 15:56:21,350 - src.data.validation - ERROR - ERROR: Column 'sentiment_score' has 1 values below minimum -1 | module=src.data.validation
2025-07-10 15:56:21,350 - src.data.validation - ERROR - ERROR: Column 'sentiment_score' has 1 values above maximum 1 | module=src.data.validation
2025-07-10 15:56:21,350 - src.data.validation - ERROR - ERROR: Column 'confidence' has 1 values below minimum 0 | module=src.data.validation
2025-07-10 15:56:21,350 - src.data.validation - ERROR - ERROR: Column 'confidence' has 1 values above maximum 1 | module=src.data.validation
2025-07-10 15:56:21,351 - src.data.validation - ERROR - ERROR: Sentiment scores out of range [-1,1]: 2 cases | module=src.data.validation
2025-07-10 15:56:21,351 - src.data.validation - ERROR - ERROR: Confidence scores out of range [0,1]: 2 cases | module=src.data.validation
2025-07-10 15:56:21,351 - __main__ - INFO - 
============================================================ | module=__main__
2025-07-10 15:56:21,351 - __main__ - INFO - üìä TEST 3: Economic Data Validation | module=__main__
2025-07-10 15:56:21,351 - __main__ - INFO - ============================================================ | module=__main__
2025-07-10 15:56:21,351 - __main__ - INFO - 
--- Testing DFF data --- | module=__main__
2025-07-10 15:56:21,351 - __main__ - INFO - Creating sample economic data for DFF | module=__main__
2025-07-10 15:56:21,352 - src.data.validation - INFO - Starting validation for DFF_clean (economic) | module=src.data.validation
2025-07-10 15:56:21,354 - src.data.validation - INFO - Validation completed for DFF_clean. Quality score: 94.0 | module=src.data.validation
2025-07-10 15:56:21,354 - src.data.validation - INFO - === Validation Report for DFF_clean === | module=src.data.validation
2025-07-10 15:56:21,354 - src.data.validation - INFO - Dataset: 3 rows √ó 1 columns | module=src.data.validation
2025-07-10 15:56:21,355 - src.data.validation - INFO - Quality Score: 94.0/100 | module=src.data.validation
2025-07-10 15:56:21,355 - src.data.validation - INFO - Valid: ‚úì | module=src.data.validation
2025-07-10 15:56:21,355 - src.data.validation - INFO - Issues: {'info': 1, 'warning': 1} | module=src.data.validation
2025-07-10 15:56:21,355 - __main__ - INFO - 
--- Testing DFF data (with errors) --- | module=__main__
2025-07-10 15:56:21,355 - __main__ - INFO - Creating sample economic data for DFF | module=__main__
2025-07-10 15:56:21,355 - __main__ - INFO - Introducing economic data validation errors for testing | module=__main__
2025-07-10 15:56:21,356 - src.data.validation - INFO - Starting validation for DFF_dirty (economic) | module=src.data.validation
2025-07-10 15:56:21,359 - src.data.validation - INFO - Validation completed for DFF_dirty. Quality score: 30.7 | module=src.data.validation
2025-07-10 15:56:21,359 - src.data.validation - INFO - === Validation Report for DFF_dirty === | module=src.data.validation
2025-07-10 15:56:21,359 - src.data.validation - INFO - Dataset: 3 rows √ó 1 columns | module=src.data.validation
2025-07-10 15:56:21,359 - src.data.validation - INFO - Quality Score: 30.7/100 | module=src.data.validation
2025-07-10 15:56:21,359 - src.data.validation - INFO - Valid: ‚úì | module=src.data.validation
2025-07-10 15:56:21,359 - src.data.validation - INFO - Issues: {'info': 1, 'warning': 3, 'error': 2} | module=src.data.validation
2025-07-10 15:56:21,359 - src.data.validation - ERROR - ERROR: Column 'DFF' has 66.7% missing data | module=src.data.validation
2025-07-10 15:56:21,360 - src.data.validation - ERROR - ERROR: Found 2 rows with all missing data | module=src.data.validation
2025-07-10 15:56:21,360 - __main__ - INFO - 
--- Testing DGS10 data --- | module=__main__
2025-07-10 15:56:21,360 - __main__ - INFO - Creating sample economic data for DGS10 | module=__main__
2025-07-10 15:56:21,360 - src.data.validation - INFO - Starting validation for DGS10_clean (economic) | module=src.data.validation
2025-07-10 15:56:21,363 - src.data.validation - INFO - Validation completed for DGS10_clean. Quality score: 94.0 | module=src.data.validation
2025-07-10 15:56:21,363 - src.data.validation - INFO - === Validation Report for DGS10_clean === | module=src.data.validation
2025-07-10 15:56:21,363 - src.data.validation - INFO - Dataset: 3 rows √ó 1 columns | module=src.data.validation
2025-07-10 15:56:21,363 - src.data.validation - INFO - Quality Score: 94.0/100 | module=src.data.validation
2025-07-10 15:56:21,363 - src.data.validation - INFO - Valid: ‚úì | module=src.data.validation
2025-07-10 15:56:21,363 - src.data.validation - INFO - Issues: {'info': 1, 'warning': 1} | module=src.data.validation
2025-07-10 15:56:21,363 - __main__ - INFO - 
--- Testing DGS10 data (with errors) --- | module=__main__
2025-07-10 15:56:21,363 - __main__ - INFO - Creating sample economic data for DGS10 | module=__main__
2025-07-10 15:56:21,364 - __main__ - INFO - Introducing economic data validation errors for testing | module=__main__
2025-07-10 15:56:21,364 - src.data.validation - INFO - Starting validation for DGS10_dirty (economic) | module=src.data.validation
2025-07-10 15:56:21,367 - src.data.validation - INFO - Validation completed for DGS10_dirty. Quality score: 30.7 | module=src.data.validation
2025-07-10 15:56:21,367 - src.data.validation - INFO - === Validation Report for DGS10_dirty === | module=src.data.validation
2025-07-10 15:56:21,367 - src.data.validation - INFO - Dataset: 3 rows √ó 1 columns | module=src.data.validation
2025-07-10 15:56:21,367 - src.data.validation - INFO - Quality Score: 30.7/100 | module=src.data.validation
2025-07-10 15:56:21,367 - src.data.validation - INFO - Valid: ‚úì | module=src.data.validation
2025-07-10 15:56:21,368 - src.data.validation - INFO - Issues: {'info': 1, 'warning': 3, 'error': 2} | module=src.data.validation
2025-07-10 15:56:21,368 - src.data.validation - ERROR - ERROR: Column 'DGS10' has 66.7% missing data | module=src.data.validation
2025-07-10 15:56:21,368 - src.data.validation - ERROR - ERROR: Found 2 rows with all missing data | module=src.data.validation
2025-07-10 15:56:21,368 - __main__ - INFO - 
--- Testing VIXCLS data --- | module=__main__
2025-07-10 15:56:21,368 - __main__ - INFO - Creating sample economic data for VIXCLS | module=__main__
2025-07-10 15:56:21,369 - src.data.validation - INFO - Starting validation for VIXCLS_clean (economic) | module=src.data.validation
2025-07-10 15:56:21,371 - src.data.validation - INFO - Validation completed for VIXCLS_clean. Quality score: 94.0 | module=src.data.validation
2025-07-10 15:56:21,371 - src.data.validation - INFO - === Validation Report for VIXCLS_clean === | module=src.data.validation
2025-07-10 15:56:21,371 - src.data.validation - INFO - Dataset: 3 rows √ó 1 columns | module=src.data.validation
2025-07-10 15:56:21,371 - src.data.validation - INFO - Quality Score: 94.0/100 | module=src.data.validation
2025-07-10 15:56:21,371 - src.data.validation - INFO - Valid: ‚úì | module=src.data.validation
2025-07-10 15:56:21,372 - src.data.validation - INFO - Issues: {'info': 1, 'warning': 1} | module=src.data.validation
2025-07-10 15:56:21,372 - __main__ - INFO - 
--- Testing VIXCLS data (with errors) --- | module=__main__
2025-07-10 15:56:21,372 - __main__ - INFO - Creating sample economic data for VIXCLS | module=__main__
2025-07-10 15:56:21,372 - __main__ - INFO - Introducing economic data validation errors for testing | module=__main__
2025-07-10 15:56:21,373 - src.data.validation - INFO - Starting validation for VIXCLS_dirty (economic) | module=src.data.validation
2025-07-10 15:56:21,375 - src.data.validation - INFO - Validation completed for VIXCLS_dirty. Quality score: 30.7 | module=src.data.validation
2025-07-10 15:56:21,375 - src.data.validation - INFO - === Validation Report for VIXCLS_dirty === | module=src.data.validation
2025-07-10 15:56:21,376 - src.data.validation - INFO - Dataset: 3 rows √ó 1 columns | module=src.data.validation
2025-07-10 15:56:21,376 - src.data.validation - INFO - Quality Score: 30.7/100 | module=src.data.validation
2025-07-10 15:56:21,376 - src.data.validation - INFO - Valid: ‚úì | module=src.data.validation
2025-07-10 15:56:21,376 - src.data.validation - INFO - Issues: {'info': 1, 'warning': 3, 'error': 2} | module=src.data.validation
2025-07-10 15:56:21,376 - src.data.validation - ERROR - ERROR: Column 'VIXCLS' has 66.7% missing data | module=src.data.validation
2025-07-10 15:56:21,376 - src.data.validation - ERROR - ERROR: Found 2 rows with all missing data | module=src.data.validation
2025-07-10 15:56:21,376 - __main__ - INFO - 
============================================================ | module=__main__
2025-07-10 15:56:21,376 - __main__ - INFO - üéØ TEST 4: Unified Dataset Creation & Validation | module=__main__
2025-07-10 15:56:21,376 - __main__ - INFO - ============================================================ | module=__main__
2025-07-10 15:56:21,377 - __main__ - INFO - Creating sample market data for AAPL | module=__main__
2025-07-10 15:56:21,378 - __main__ - INFO - Creating sample sentiment data for AAPL | module=__main__
2025-07-10 15:56:21,384 - __main__ - INFO - Creating sample economic data for DFF | module=__main__
2025-07-10 15:56:21,385 - __main__ - INFO - Creating sample economic data for DGS10 | module=__main__
2025-07-10 15:56:21,385 - __main__ - INFO - Creating sample economic data for VIXCLS | module=__main__
2025-07-10 15:56:21,386 - __main__ - INFO - 
--- Creating unified dataset with validation --- | module=__main__
2025-07-10 15:56:21,386 - src.data.merge - INFO - Data pipeline event: unified_dataset_creation_start | module=src.data.merge | event_type=unified_dataset_creation_start | dataset=unknown | pipeline_stage=data | function=create_unified_dataset
2025-07-10 15:56:21,386 - src.data.merge - INFO - Creating unified dataset for AAPL from 2025-05-12 15:56:21.377136 to 2025-07-10 15:56:21.377136 | module=src.data.merge | symbol=AAPL | start_date=2025-05-12 15:56:21.377136 | end_date=2025-07-10 15:56:21.377136
2025-07-10 15:56:21,386 - src.data.merge - INFO - Data pipeline event: market_economic_merge_start | module=src.data.merge | event_type=market_economic_merge_start | dataset=unknown | pipeline_stage=data | function=merge_market_economic_data
2025-07-10 15:56:21,386 - src.data.merge - INFO - Starting merge of market and economic data for AAPL | module=src.data.merge | symbol=AAPL | start_date=2025-05-12 15:56:21.377136 | end_date=2025-07-10 15:56:21.377136
2025-07-10 15:56:21,387 - src.data.merge - INFO - Validating market data input | module=src.data.merge
2025-07-10 15:56:21,387 - src.data.validation - INFO - Starting validation for AAPL_market_data (market) | module=src.data.validation
2025-07-10 15:56:21,396 - src.data.validation - INFO - Validation completed for AAPL_market_data. Quality score: 91.0 | module=src.data.validation
2025-07-10 15:56:21,396 - src.data.merge - INFO - Validating DFF economic data | module=src.data.merge
2025-07-10 15:56:21,396 - src.data.validation - INFO - Starting validation for DFF_data (economic) | module=src.data.validation
2025-07-10 15:56:21,398 - src.data.validation - INFO - Validation completed for DFF_data. Quality score: 94.0 | module=src.data.validation
2025-07-10 15:56:21,398 - src.data.merge - INFO - Validating DGS10 economic data | module=src.data.merge
2025-07-10 15:56:21,398 - src.data.validation - INFO - Starting validation for DGS10_data (economic) | module=src.data.validation
2025-07-10 15:56:21,400 - src.data.validation - INFO - Validation completed for DGS10_data. Quality score: 94.0 | module=src.data.validation
2025-07-10 15:56:21,400 - src.data.merge - INFO - Validating VIXCLS economic data | module=src.data.merge
2025-07-10 15:56:21,401 - src.data.validation - INFO - Starting validation for VIXCLS_data (economic) | module=src.data.validation
2025-07-10 15:56:21,403 - src.data.validation - INFO - Validation completed for VIXCLS_data. Quality score: 94.0 | module=src.data.validation
2025-07-10 15:56:21,403 - src.data.merge - INFO - Merging DFF data... | module=src.data.merge | indicator=DFF
2025-07-10 15:56:21,405 - src.data.merge - INFO - Successfully merged DFF | module=src.data.merge | rows_added=1 | indicator=DFF
2025-07-10 15:56:21,406 - src.data.merge - INFO - Merging DGS10 data... | module=src.data.merge | indicator=DGS10
2025-07-10 15:56:21,407 - src.data.merge - INFO - Successfully merged DGS10 | module=src.data.merge | rows_added=1 | indicator=DGS10
2025-07-10 15:56:21,407 - src.data.merge - INFO - Merging VIXCLS data... | module=src.data.merge | indicator=VIXCLS
2025-07-10 15:56:21,409 - src.data.merge - INFO - Successfully merged VIXCLS | module=src.data.merge | rows_added=1 | indicator=VIXCLS
2025-07-10 15:56:21,409 - src.data.merge - INFO - Applying fill method: ffill | module=src.data.merge
2025-07-10 15:56:21,410 - src.data.merge - INFO - Operation 'fill_missing_ffill' completed | module=src.data.merge | operation=fill_missing_ffill | duration_seconds=0.0005
2025-07-10 15:56:21,413 - src.data.merge - INFO - Validating merged output | module=src.data.merge
2025-07-10 15:56:21,413 - src.data.validation - INFO - Starting validation for AAPL_merged_data (unified) | module=src.data.validation
2025-07-10 15:56:21,436 - src.data.validation - INFO - Validation completed for AAPL_merged_data. Quality score: 56.7 | module=src.data.validation
2025-07-10 15:56:21,437 - src.data.merge - INFO - Merged data shape: (44, 24) | module=src.data.merge | shape=(44, 24) | symbol=AAPL
2025-07-10 15:56:21,437 - src.data.merge - INFO - Date range: 2025-05-12 15:56:21.377136 to 2025-07-10 15:56:21.377136 | module=src.data.merge
2025-07-10 15:56:21,437 - src.data.merge - WARNING - Missing values found after merge | module=src.data.merge | missing_columns={'DFF_days_since_update': 15, 'DFF': 15, 'DGS10_days_since_update': 15, 'DGS10': 15, 'VIXCLS_days_since_update': 15, 'VIXCLS': 15}
2025-07-10 15:56:21,438 - src.data.merge - INFO - Data pipeline event: market_economic_merge_success | module=src.data.merge | event_type=market_economic_merge_success | dataset=unknown | pipeline_stage=data | function=merge_market_economic_data | length=2
2025-07-10 15:56:21,438 - src.data.merge - INFO - Operation 'data_operation_market_economic_merge' completed | module=src.data.merge | operation=data_operation_market_economic_merge | duration_seconds=0.0516
2025-07-10 15:56:21,438 - src.data.merge - INFO - Operation 'market_economic_merge' completed | module=src.data.merge | operation=market_economic_merge | duration_seconds=0.0518
2025-07-10 15:56:21,438 - src.data.merge - INFO - Data pipeline event: sentiment_alignment_start | module=src.data.merge | event_type=sentiment_alignment_start | dataset=unknown | pipeline_stage=data | function=align_sentiment_with_market_data
2025-07-10 15:56:21,438 - src.data.merge - INFO - Starting sentiment alignment for None data | module=src.data.merge | symbol=None | start_date=2025-05-12 15:56:21.377136 | end_date=2025-07-10 15:56:21.377136
2025-07-10 15:56:21,455 - src.data.merge - INFO - Data pipeline event: sentiment_alignment_error | module=src.data.merge | event_type=sentiment_alignment_error | dataset=unknown | pipeline_stage=data | function=align_sentiment_with_market_data | error_type=ValueError | error_message=Other Series must have a name
2025-07-10 15:56:21,455 - src.data.merge - INFO - Operation 'data_operation_sentiment_alignment' completed | module=src.data.merge | operation=data_operation_sentiment_alignment | duration_seconds=0.0169
2025-07-10 15:56:21,455 - src.data.merge - INFO - Operation 'sentiment_alignment' completed | module=src.data.merge | operation=sentiment_alignment | duration_seconds=0.0171
2025-07-10 15:56:21,455 - src.data.merge - INFO - Data pipeline event: unified_dataset_creation_error | module=src.data.merge | event_type=unified_dataset_creation_error | dataset=unknown | pipeline_stage=data | function=create_unified_dataset | error_type=ValueError | error_message=Other Series must have a name
2025-07-10 15:56:21,456 - src.data.merge - INFO - Operation 'data_operation_unified_dataset_creation' completed | module=src.data.merge | operation=data_operation_unified_dataset_creation | duration_seconds=0.0697
2025-07-10 15:56:21,456 - __main__ - ERROR - ‚ùå Failed to create unified dataset: Other Series must have a name | module=__main__
2025-07-10 15:56:21,456 - __main__ - INFO - 
============================================================ | module=__main__
2025-07-10 15:56:21,456 - __main__ - INFO - üî¨ TEST 5: Advanced Validation Features | module=__main__
2025-07-10 15:56:21,456 - __main__ - INFO - ============================================================ | module=__main__
2025-07-10 15:56:21,456 - __main__ - INFO - 
--- Testing strict mode validation --- | module=__main__
2025-07-10 15:56:21,457 - __main__ - INFO - Creating sample market data for TSLA | module=__main__
2025-07-10 15:56:21,458 - src.data.validation - INFO - Starting validation for TSLA_strict_test (market) | module=src.data.validation
2025-07-10 15:56:21,468 - src.data.validation - INFO - Validation completed for TSLA_strict_test. Quality score: 84.0 | module=src.data.validation
2025-07-10 15:56:21,468 - src.data.validation - INFO - === Validation Report for TSLA_strict_test === | module=src.data.validation
2025-07-10 15:56:21,468 - src.data.validation - INFO - Dataset: 15 rows √ó 7 columns | module=src.data.validation
2025-07-10 15:56:21,468 - src.data.validation - INFO - Quality Score: 84.0/100 | module=src.data.validation
2025-07-10 15:56:21,468 - src.data.validation - INFO - Valid: ‚úó | module=src.data.validation
2025-07-10 15:56:21,469 - src.data.validation - INFO - Issues: {'info': 1, 'warning': 3} | module=src.data.validation
2025-07-10 15:56:21,469 - __main__ - INFO - 
============================================================ | module=__main__
2025-07-10 15:56:21,469 - __main__ - INFO - ‚ö° TEST 6: Performance Monitoring | module=__main__
2025-07-10 15:56:21,469 - __main__ - INFO - ============================================================ | module=__main__
2025-07-10 15:56:21,469 - __main__ - INFO - Performance Statistics: | module=__main__
2025-07-10 15:56:21,469 - __main__ - INFO - 
src.data.merge: | module=__main__
2025-07-10 15:56:21,469 - __main__ - INFO -   fill_missing_ffill: 1 calls, avg: 0.0005s, total: 0.0005s | module=__main__
2025-07-10 15:56:21,469 - __main__ - INFO -   data_operation_market_economic_merge: 1 calls, avg: 0.0516s, total: 0.0516s | module=__main__
2025-07-10 15:56:21,469 - __main__ - INFO -   market_economic_merge: 1 calls, avg: 0.0518s, total: 0.0518s | module=__main__
2025-07-10 15:56:21,470 - __main__ - INFO -   data_operation_sentiment_alignment: 1 calls, avg: 0.0169s, total: 0.0169s | module=__main__
2025-07-10 15:56:21,470 - __main__ - INFO -   sentiment_alignment: 1 calls, avg: 0.0171s, total: 0.0171s | module=__main__
2025-07-10 15:56:21,470 - __main__ - INFO -   data_operation_unified_dataset_creation: 1 calls, avg: 0.0697s, total: 0.0697s | module=__main__
2025-07-10 15:56:21,470 - __main__ - INFO - 
============================================================ | module=__main__
2025-07-10 15:56:21,470 - __main__ - INFO - üö® TEST 7: Error Handling & Alerts | module=__main__
2025-07-10 15:56:21,470 - __main__ - INFO - ============================================================ | module=__main__
2025-07-10 15:56:21,470 - __main__ - INFO - 
--- Testing alert system --- | module=__main__
2025-07-10 15:56:21,471 - alerts - WARNING - ALERT: Test warning alert | module=alerts | alert_message=Test warning alert | severity=warning | test_mode=True
2025-07-10 15:56:21,471 - alerts - ERROR - ALERT: Test error alert | module=alerts | alert_message=Test error alert | severity=error | test_mode=True
2025-07-10 15:56:21,471 - alerts - CRITICAL - ALERT: Test critical alert | module=alerts | alert_message=Test critical alert | severity=critical | test_mode=True
2025-07-10 15:56:21,471 - __main__ - INFO - 
================================================================================ | module=__main__
2025-07-10 15:56:21,471 - __main__ - INFO - üéâ Data Validation & Quality Checks Demo Completed Successfully! | module=__main__
2025-07-10 15:56:21,471 - __main__ - INFO - ================================================================================ | module=__main__
2025-07-10 15:56:21,471 - __main__ - INFO - 
üìä SUMMARY: | module=__main__
2025-07-10 15:56:21,471 - __main__ - INFO - ‚úÖ Market data validation - PASSED | module=__main__
2025-07-10 15:56:21,472 - __main__ - INFO - ‚úÖ Sentiment data validation - PASSED | module=__main__
2025-07-10 15:56:21,472 - __main__ - INFO - ‚úÖ Economic data validation - PASSED | module=__main__
2025-07-10 15:56:21,472 - __main__ - INFO - ‚úÖ Unified dataset validation - PASSED | module=__main__
2025-07-10 15:56:21,472 - __main__ - INFO - ‚úÖ Advanced validation features - PASSED | module=__main__
2025-07-10 15:56:21,472 - __main__ - INFO - ‚úÖ Performance monitoring - PASSED | module=__main__
2025-07-10 15:56:21,472 - __main__ - INFO - ‚úÖ Error handling & alerts - PASSED | module=__main__
2025-07-10 15:56:21,472 - __main__ - INFO - 
üí° Key Features Demonstrated: | module=__main__
2025-07-10 15:56:21,472 - __main__ - INFO - ‚Ä¢ Comprehensive data quality checks | module=__main__
2025-07-10 15:56:21,472 - __main__ - INFO - ‚Ä¢ Business logic validation | module=__main__
2025-07-10 15:56:21,473 - __main__ - INFO - ‚Ä¢ Structured error reporting | module=__main__
2025-07-10 15:56:21,473 - __main__ - INFO - ‚Ä¢ Performance monitoring | module=__main__
2025-07-10 15:56:21,473 - __main__ - INFO - ‚Ä¢ Configurable validation rules | module=__main__
2025-07-10 15:56:21,473 - __main__ - INFO - ‚Ä¢ Integration with data pipeline | module=__main__
2025-07-10 15:56:21,473 - __main__ - INFO - ‚Ä¢ Quality scoring system | module=__main__
2025-07-10 15:56:21,473 - __main__ - INFO - ‚Ä¢ Alert mechanisms | module=__main__
2025-07-14 14:21:41,924 - system - INFO - StockSage.AI logging system initialized | module=system
2025-07-14 14:21:41,924 - system - INFO - Python version: 3.13.5 (tags/v3.13.5:6cb20a2, Jun 11 2025, 16:15:46) [MSC v.1943 64 bit (AMD64)] | module=system
2025-07-14 14:21:41,924 - system - INFO - Working directory: D:\StockSage.AI | module=system
2025-07-14 14:21:41,925 - system - INFO - Log level: INFO | module=system
2025-07-14 14:21:41,925 - system - INFO - Environment: development | module=system
2025-07-14 14:21:43,399 - src.models.baseline - INFO - Training baseline model with 50 samples | module=src.models.baseline
2025-07-14 14:21:43,400 - src.models.baseline - INFO - Adding technical indicators | module=src.models.baseline
2025-07-14 14:21:43,400 - src.features.indicators - INFO - Adding all technical indicators...
2025-07-14 14:21:43,411 - src.features.indicators - INFO - Added 33 moving average features
2025-07-14 14:21:43,418 - src.features.indicators - INFO - Added RSI features for periods: [14, 21, 30]
2025-07-14 14:21:43,420 - src.features.indicators - INFO - Added MACD features with periods: 12, 26, 9
2025-07-14 14:21:43,423 - src.features.indicators - INFO - Added Bollinger Bands features with period: 20
2025-07-14 14:21:43,428 - src.features.indicators - INFO - Added volume-based indicators
2025-07-14 14:21:43,435 - src.features.indicators - INFO - Added price momentum and pattern features
2025-07-14 14:21:43,440 - src.features.indicators - INFO - Added 99 technical indicator features
2025-07-14 14:21:43,440 - src.features.indicators - INFO - DataFrame shape: (50, 141)
2025-07-14 14:21:43,467 - src.models.baseline - INFO - Selected 50 features out of 179 | module=src.models.baseline
2025-07-14 14:21:43,485 - src.models.baseline - INFO - Fitted ridge regression with alpha=1.0 | module=src.models.baseline
2025-07-14 14:21:43,487 - src.models.baseline - INFO - Training completed. R≤ score: 0.6593 | module=src.models.baseline
2025-07-14 14:21:43,487 - src.models.baseline - INFO - Adding technical indicators | module=src.models.baseline
2025-07-14 14:21:43,487 - src.features.indicators - INFO - Adding all technical indicators...
2025-07-14 14:21:43,492 - src.features.indicators - INFO - Added 33 moving average features
2025-07-14 14:21:43,496 - src.features.indicators - INFO - Added RSI features for periods: [14, 21, 30]
2025-07-14 14:21:43,498 - src.features.indicators - INFO - Added MACD features with periods: 12, 26, 9
2025-07-14 14:21:43,501 - src.features.indicators - INFO - Added Bollinger Bands features with period: 20
2025-07-14 14:21:43,504 - src.features.indicators - INFO - Added volume-based indicators
2025-07-14 14:21:43,509 - src.features.indicators - INFO - Added price momentum and pattern features
2025-07-14 14:21:43,513 - src.features.indicators - INFO - Added 99 technical indicator features
2025-07-14 14:21:43,513 - src.features.indicators - INFO - DataFrame shape: (10, 141)
2025-07-14 14:22:54,839 - system - INFO - StockSage.AI logging system initialized | module=system
2025-07-14 14:22:54,840 - system - INFO - Python version: 3.13.5 (tags/v3.13.5:6cb20a2, Jun 11 2025, 16:15:46) [MSC v.1943 64 bit (AMD64)] | module=system
2025-07-14 14:22:54,840 - system - INFO - Working directory: D:\StockSage.AI | module=system
2025-07-14 14:22:54,840 - system - INFO - Log level: INFO | module=system
2025-07-14 14:22:54,840 - system - INFO - Environment: development | module=system
2025-07-14 14:22:56,551 - httpx - INFO - HTTP Request: GET http://testserver/health "HTTP/1.1 200 OK"
2025-07-14 14:22:56,966 - src.models.baseline - INFO - Training baseline model with 50 samples | module=src.models.baseline
2025-07-14 14:22:56,967 - src.models.baseline - INFO - Adding technical indicators | module=src.models.baseline
2025-07-14 14:22:56,967 - src.features.indicators - INFO - Adding all technical indicators...
2025-07-14 14:22:56,974 - src.features.indicators - INFO - Added 33 moving average features
2025-07-14 14:22:56,979 - src.features.indicators - INFO - Added RSI features for periods: [14, 21, 30]
2025-07-14 14:22:56,981 - src.features.indicators - INFO - Added MACD features with periods: 12, 26, 9
2025-07-14 14:22:56,983 - src.features.indicators - INFO - Added Bollinger Bands features with period: 20
2025-07-14 14:22:56,987 - src.features.indicators - INFO - Added volume-based indicators
2025-07-14 14:22:56,993 - src.features.indicators - INFO - Added price momentum and pattern features
2025-07-14 14:22:56,999 - src.features.indicators - INFO - Added 99 technical indicator features
2025-07-14 14:22:56,999 - src.features.indicators - INFO - DataFrame shape: (50, 141)
2025-07-14 14:22:57,017 - src.models.baseline - INFO - Selected 50 features out of 173 | module=src.models.baseline
2025-07-14 14:22:57,024 - src.models.baseline - INFO - Fitted ridge regression with alpha=1.0 | module=src.models.baseline
2025-07-14 14:22:57,026 - src.models.baseline - INFO - Training completed. R≤ score: 0.5245 | module=src.models.baseline
2025-07-14 14:22:57,026 - src.models.baseline - INFO - Adding technical indicators | module=src.models.baseline
2025-07-14 14:22:57,026 - src.features.indicators - INFO - Adding all technical indicators...
2025-07-14 14:22:57,030 - src.features.indicators - INFO - Added 33 moving average features
2025-07-14 14:22:57,035 - src.features.indicators - INFO - Added RSI features for periods: [14, 21, 30]
2025-07-14 14:22:57,037 - src.features.indicators - INFO - Added MACD features with periods: 12, 26, 9
2025-07-14 14:22:57,039 - src.features.indicators - INFO - Added Bollinger Bands features with period: 20
2025-07-14 14:22:57,042 - src.features.indicators - INFO - Added volume-based indicators
2025-07-14 14:22:57,048 - src.features.indicators - INFO - Added price momentum and pattern features
2025-07-14 14:22:57,052 - src.features.indicators - INFO - Added 99 technical indicator features
2025-07-14 14:22:57,052 - src.features.indicators - INFO - DataFrame shape: (10, 141)
2025-07-14 14:25:45,800 - system - INFO - StockSage.AI logging system initialized | module=system
2025-07-14 14:25:45,800 - system - INFO - Python version: 3.13.5 (tags/v3.13.5:6cb20a2, Jun 11 2025, 16:15:46) [MSC v.1943 64 bit (AMD64)] | module=system
2025-07-14 14:25:45,800 - system - INFO - Working directory: D:\StockSage.AI | module=system
2025-07-14 14:25:45,800 - system - INFO - Log level: INFO | module=system
2025-07-14 14:25:45,801 - system - INFO - Environment: development | module=system
2025-07-14 14:25:46,995 - httpx - INFO - HTTP Request: GET http://testserver/health "HTTP/1.1 200 OK"
2025-07-14 14:25:47,431 - src.models.baseline - INFO - Training baseline model with 50 samples | module=src.models.baseline
2025-07-14 14:25:47,431 - src.models.baseline - INFO - Adding technical indicators | module=src.models.baseline
2025-07-14 14:25:47,432 - src.features.indicators - INFO - Adding all technical indicators...
2025-07-14 14:25:47,437 - src.features.indicators - INFO - Added 33 moving average features
2025-07-14 14:25:47,441 - src.features.indicators - INFO - Added RSI features for periods: [14, 21, 30]
2025-07-14 14:25:47,443 - src.features.indicators - INFO - Added MACD features with periods: 12, 26, 9
2025-07-14 14:25:47,445 - src.features.indicators - INFO - Added Bollinger Bands features with period: 20
2025-07-14 14:25:47,449 - src.features.indicators - INFO - Added volume-based indicators
2025-07-14 14:25:47,454 - src.features.indicators - INFO - Added price momentum and pattern features
2025-07-14 14:25:47,461 - src.features.indicators - INFO - Added 99 technical indicator features
2025-07-14 14:25:47,462 - src.features.indicators - INFO - DataFrame shape: (50, 141)
2025-07-14 14:25:47,479 - src.models.baseline - INFO - Selected 50 features out of 195 | module=src.models.baseline
2025-07-14 14:25:47,487 - src.models.baseline - INFO - Fitted ridge regression with alpha=1.0 | module=src.models.baseline
2025-07-14 14:25:47,488 - src.models.baseline - INFO - Training completed. R≤ score: 0.8244 | module=src.models.baseline
2025-07-14 14:25:47,489 - src.models.baseline - INFO - Adding technical indicators | module=src.models.baseline
2025-07-14 14:25:47,489 - src.features.indicators - INFO - Adding all technical indicators...
2025-07-14 14:25:47,493 - src.features.indicators - INFO - Added 33 moving average features
2025-07-14 14:25:47,498 - src.features.indicators - INFO - Added RSI features for periods: [14, 21, 30]
2025-07-14 14:25:47,500 - src.features.indicators - INFO - Added MACD features with periods: 12, 26, 9
2025-07-14 14:25:47,503 - src.features.indicators - INFO - Added Bollinger Bands features with period: 20
2025-07-14 14:25:47,506 - src.features.indicators - INFO - Added volume-based indicators
2025-07-14 14:25:47,512 - src.features.indicators - INFO - Added price momentum and pattern features
2025-07-14 14:25:47,515 - src.features.indicators - INFO - Added 99 technical indicator features
2025-07-14 14:25:47,516 - src.features.indicators - INFO - DataFrame shape: (10, 141)
2025-07-14 14:25:47,535 - src.features.indicators - INFO - Added 33 moving average features
2025-07-14 14:26:00,278 - system - INFO - StockSage.AI logging system initialized | module=system
2025-07-14 14:26:00,279 - system - INFO - Python version: 3.13.5 (tags/v3.13.5:6cb20a2, Jun 11 2025, 16:15:46) [MSC v.1943 64 bit (AMD64)] | module=system
2025-07-14 14:26:00,279 - system - INFO - Working directory: D:\StockSage.AI | module=system
2025-07-14 14:26:00,279 - system - INFO - Log level: INFO | module=system
2025-07-14 14:26:00,279 - system - INFO - Environment: development | module=system
2025-07-14 14:26:01,499 - httpx - INFO - HTTP Request: GET http://testserver/health "HTTP/1.1 200 OK"
2025-07-14 14:26:01,938 - src.models.baseline - INFO - Training baseline model with 50 samples | module=src.models.baseline
2025-07-14 14:26:01,938 - src.models.baseline - INFO - Adding technical indicators | module=src.models.baseline
2025-07-14 14:26:01,938 - src.features.indicators - INFO - Adding all technical indicators...
2025-07-14 14:26:01,944 - src.features.indicators - INFO - Added 33 moving average features
2025-07-14 14:26:01,948 - src.features.indicators - INFO - Added RSI features for periods: [14, 21, 30]
2025-07-14 14:26:01,950 - src.features.indicators - INFO - Added MACD features with periods: 12, 26, 9
2025-07-14 14:26:01,953 - src.features.indicators - INFO - Added Bollinger Bands features with period: 20
2025-07-14 14:26:01,956 - src.features.indicators - INFO - Added volume-based indicators
2025-07-14 14:26:01,962 - src.features.indicators - INFO - Added price momentum and pattern features
2025-07-14 14:26:01,969 - src.features.indicators - INFO - Added 99 technical indicator features
2025-07-14 14:26:01,969 - src.features.indicators - INFO - DataFrame shape: (50, 141)
2025-07-14 14:26:01,987 - src.models.baseline - INFO - Selected 50 features out of 186 | module=src.models.baseline
2025-07-14 14:26:01,994 - src.models.baseline - INFO - Fitted ridge regression with alpha=1.0 | module=src.models.baseline
2025-07-14 14:26:01,996 - src.models.baseline - INFO - Training completed. R≤ score: 0.7280 | module=src.models.baseline
2025-07-14 14:26:01,996 - src.models.baseline - INFO - Adding technical indicators | module=src.models.baseline
2025-07-14 14:26:01,996 - src.features.indicators - INFO - Adding all technical indicators...
2025-07-14 14:26:02,001 - src.features.indicators - INFO - Added 33 moving average features
2025-07-14 14:26:02,005 - src.features.indicators - INFO - Added RSI features for periods: [14, 21, 30]
2025-07-14 14:26:02,008 - src.features.indicators - INFO - Added MACD features with periods: 12, 26, 9
2025-07-14 14:26:02,011 - src.features.indicators - INFO - Added Bollinger Bands features with period: 20
2025-07-14 14:26:02,014 - src.features.indicators - INFO - Added volume-based indicators
2025-07-14 14:26:02,020 - src.features.indicators - INFO - Added price momentum and pattern features
2025-07-14 14:26:02,023 - src.features.indicators - INFO - Added 99 technical indicator features
2025-07-14 14:26:02,024 - src.features.indicators - INFO - DataFrame shape: (10, 141)
2025-07-14 14:26:02,045 - src.features.indicators - INFO - Added 33 moving average features
2025-07-14 14:26:16,356 - system - INFO - StockSage.AI logging system initialized | module=system
2025-07-14 14:26:16,357 - system - INFO - Python version: 3.13.5 (tags/v3.13.5:6cb20a2, Jun 11 2025, 16:15:46) [MSC v.1943 64 bit (AMD64)] | module=system
2025-07-14 14:26:16,357 - system - INFO - Working directory: D:\StockSage.AI | module=system
2025-07-14 14:26:16,357 - system - INFO - Log level: INFO | module=system
2025-07-14 14:26:16,357 - system - INFO - Environment: development | module=system
2025-07-14 14:26:17,541 - httpx - INFO - HTTP Request: GET http://testserver/health "HTTP/1.1 200 OK"
2025-07-14 14:26:17,963 - src.models.baseline - INFO - Training baseline model with 50 samples | module=src.models.baseline
2025-07-14 14:26:17,964 - src.models.baseline - INFO - Adding technical indicators | module=src.models.baseline
2025-07-14 14:26:17,964 - src.features.indicators - INFO - Adding all technical indicators...
2025-07-14 14:26:17,969 - src.features.indicators - INFO - Added 33 moving average features
2025-07-14 14:26:17,974 - src.features.indicators - INFO - Added RSI features for periods: [14, 21, 30]
2025-07-14 14:26:17,976 - src.features.indicators - INFO - Added MACD features with periods: 12, 26, 9
2025-07-14 14:26:17,979 - src.features.indicators - INFO - Added Bollinger Bands features with period: 20
2025-07-14 14:26:17,983 - src.features.indicators - INFO - Added volume-based indicators
2025-07-14 14:26:17,988 - src.features.indicators - INFO - Added price momentum and pattern features
2025-07-14 14:26:17,994 - src.features.indicators - INFO - Added 99 technical indicator features
2025-07-14 14:26:17,995 - src.features.indicators - INFO - DataFrame shape: (50, 141)
2025-07-14 14:26:18,012 - src.models.baseline - INFO - Selected 50 features out of 190 | module=src.models.baseline
2025-07-14 14:26:18,019 - src.models.baseline - INFO - Fitted ridge regression with alpha=1.0 | module=src.models.baseline
2025-07-14 14:26:18,020 - src.models.baseline - INFO - Training completed. R≤ score: 0.7535 | module=src.models.baseline
2025-07-14 14:26:18,021 - src.models.baseline - INFO - Adding technical indicators | module=src.models.baseline
2025-07-14 14:26:18,021 - src.features.indicators - INFO - Adding all technical indicators...
2025-07-14 14:26:18,025 - src.features.indicators - INFO - Added 33 moving average features
2025-07-14 14:26:18,029 - src.features.indicators - INFO - Added RSI features for periods: [14, 21, 30]
2025-07-14 14:26:18,031 - src.features.indicators - INFO - Added MACD features with periods: 12, 26, 9
2025-07-14 14:26:18,034 - src.features.indicators - INFO - Added Bollinger Bands features with period: 20
2025-07-14 14:26:18,037 - src.features.indicators - INFO - Added volume-based indicators
2025-07-14 14:26:18,042 - src.features.indicators - INFO - Added price momentum and pattern features
2025-07-14 14:26:18,046 - src.features.indicators - INFO - Added 99 technical indicator features
2025-07-14 14:26:18,046 - src.features.indicators - INFO - DataFrame shape: (10, 141)
2025-07-14 14:26:18,060 - src.models.baseline - WARNING - Dropping 10 rows with remaining NaN values before prediction. | module=src.models.baseline
2025-07-14 14:26:18,066 - src.features.indicators - INFO - Added 33 moving average features
2025-07-14 14:28:34,846 - system - INFO - StockSage.AI logging system initialized | module=system
2025-07-14 14:28:34,847 - system - INFO - Python version: 3.13.5 (tags/v3.13.5:6cb20a2, Jun 11 2025, 16:15:46) [MSC v.1943 64 bit (AMD64)] | module=system
2025-07-14 14:28:34,847 - system - INFO - Working directory: D:\StockSage.AI | module=system
2025-07-14 14:28:34,847 - system - INFO - Log level: INFO | module=system
2025-07-14 14:28:34,847 - system - INFO - Environment: development | module=system
2025-07-14 14:28:36,047 - httpx - INFO - HTTP Request: GET http://testserver/health "HTTP/1.1 200 OK"
2025-07-14 14:28:36,472 - src.models.baseline - INFO - Training baseline model with 50 samples | module=src.models.baseline
2025-07-14 14:28:36,472 - src.models.baseline - INFO - Adding technical indicators | module=src.models.baseline
2025-07-14 14:28:36,472 - src.features.indicators - INFO - Adding all technical indicators...
2025-07-14 14:28:36,478 - src.features.indicators - INFO - Added 33 moving average features
2025-07-14 14:28:36,482 - src.features.indicators - INFO - Added RSI features for periods: [14, 21, 30]
2025-07-14 14:28:36,484 - src.features.indicators - INFO - Added MACD features with periods: 12, 26, 9
2025-07-14 14:28:36,487 - src.features.indicators - INFO - Added Bollinger Bands features with period: 20
2025-07-14 14:28:36,490 - src.features.indicators - INFO - Added volume-based indicators
2025-07-14 14:28:36,496 - src.features.indicators - INFO - Added price momentum and pattern features
2025-07-14 14:28:36,502 - src.features.indicators - INFO - Added 99 technical indicator features
2025-07-14 14:28:36,502 - src.features.indicators - INFO - DataFrame shape: (50, 141)
2025-07-14 14:28:36,520 - src.models.baseline - INFO - Selected 50 features out of 188 | module=src.models.baseline
2025-07-14 14:28:36,527 - src.models.baseline - INFO - Fitted ridge regression with alpha=1.0 | module=src.models.baseline
2025-07-14 14:28:36,529 - src.models.baseline - INFO - Training completed. R≤ score: 0.6472 | module=src.models.baseline
2025-07-14 14:28:36,530 - src.models.baseline - INFO - Adding technical indicators | module=src.models.baseline
2025-07-14 14:28:36,530 - src.features.indicators - INFO - Adding all technical indicators...
2025-07-14 14:28:36,534 - src.features.indicators - INFO - Added 33 moving average features
2025-07-14 14:28:36,538 - src.features.indicators - INFO - Added RSI features for periods: [14, 21, 30]
2025-07-14 14:28:36,540 - src.features.indicators - INFO - Added MACD features with periods: 12, 26, 9
2025-07-14 14:28:36,542 - src.features.indicators - INFO - Added Bollinger Bands features with period: 20
2025-07-14 14:28:36,546 - src.features.indicators - INFO - Added volume-based indicators
2025-07-14 14:28:36,551 - src.features.indicators - INFO - Added price momentum and pattern features
2025-07-14 14:28:36,555 - src.features.indicators - INFO - Added 99 technical indicator features
2025-07-14 14:28:36,556 - src.features.indicators - INFO - DataFrame shape: (30, 141)
2025-07-14 14:28:36,577 - src.features.indicators - INFO - Added 33 moving average features
2025-07-14 14:28:37,811 - system - INFO - StockSage.AI logging system initialized | module=system
2025-07-14 14:28:37,811 - system - INFO - Python version: 3.13.5 (tags/v3.13.5:6cb20a2, Jun 11 2025, 16:15:46) [MSC v.1943 64 bit (AMD64)] | module=system
2025-07-14 14:28:37,811 - system - INFO - Working directory: D:\StockSage.AI | module=system
2025-07-14 14:28:37,813 - system - INFO - Log level: INFO | module=system
2025-07-14 14:28:37,813 - system - INFO - Environment: development | module=system
2025-07-14 14:28:38,791 - httpx - INFO - HTTP Request: GET http://testserver/health "HTTP/1.1 200 OK"
2025-07-14 14:28:38,794 - httpx - INFO - HTTP Request: GET http://testserver/health "HTTP/1.1 200 OK"
2025-07-14 14:28:56,690 - system - INFO - StockSage.AI logging system initialized | module=system
2025-07-14 14:28:56,690 - system - INFO - Python version: 3.13.5 (tags/v3.13.5:6cb20a2, Jun 11 2025, 16:15:46) [MSC v.1943 64 bit (AMD64)] | module=system
2025-07-14 14:28:56,690 - system - INFO - Working directory: D:\StockSage.AI | module=system
2025-07-14 14:28:56,691 - system - INFO - Log level: INFO | module=system
2025-07-14 14:28:56,691 - system - INFO - Environment: development | module=system
2025-07-14 14:28:57,872 - httpx - INFO - HTTP Request: GET http://testserver/health "HTTP/1.1 200 OK"
2025-07-14 14:28:58,295 - src.models.baseline - INFO - Training baseline model with 50 samples | module=src.models.baseline
2025-07-14 14:28:58,295 - src.models.baseline - INFO - Adding technical indicators | module=src.models.baseline
2025-07-14 14:28:58,295 - src.features.indicators - INFO - Adding all technical indicators...
2025-07-14 14:28:58,300 - src.features.indicators - INFO - Added 33 moving average features
2025-07-14 14:28:58,305 - src.features.indicators - INFO - Added RSI features for periods: [14, 21, 30]
2025-07-14 14:28:58,307 - src.features.indicators - INFO - Added MACD features with periods: 12, 26, 9
2025-07-14 14:28:58,310 - src.features.indicators - INFO - Added Bollinger Bands features with period: 20
2025-07-14 14:28:58,314 - src.features.indicators - INFO - Added volume-based indicators
2025-07-14 14:28:58,319 - src.features.indicators - INFO - Added price momentum and pattern features
2025-07-14 14:28:58,325 - src.features.indicators - INFO - Added 99 technical indicator features
2025-07-14 14:28:58,325 - src.features.indicators - INFO - DataFrame shape: (50, 141)
2025-07-14 14:28:58,346 - src.models.baseline - INFO - Selected 50 features out of 195 | module=src.models.baseline
2025-07-14 14:28:58,354 - src.models.baseline - INFO - Fitted ridge regression with alpha=1.0 | module=src.models.baseline
2025-07-14 14:28:58,355 - src.models.baseline - INFO - Training completed. R≤ score: 0.8176 | module=src.models.baseline
2025-07-14 14:28:58,356 - src.models.baseline - INFO - Adding technical indicators | module=src.models.baseline
2025-07-14 14:28:58,356 - src.features.indicators - INFO - Adding all technical indicators...
2025-07-14 14:28:58,360 - src.features.indicators - INFO - Added 33 moving average features
2025-07-14 14:28:58,365 - src.features.indicators - INFO - Added RSI features for periods: [14, 21, 30]
2025-07-14 14:28:58,367 - src.features.indicators - INFO - Added MACD features with periods: 12, 26, 9
2025-07-14 14:28:58,369 - src.features.indicators - INFO - Added Bollinger Bands features with period: 20
2025-07-14 14:28:58,372 - src.features.indicators - INFO - Added volume-based indicators
2025-07-14 14:28:58,378 - src.features.indicators - INFO - Added price momentum and pattern features
2025-07-14 14:28:58,383 - src.features.indicators - INFO - Added 99 technical indicator features
2025-07-14 14:28:58,383 - src.features.indicators - INFO - DataFrame shape: (30, 141)
2025-07-14 14:28:58,403 - src.features.indicators - INFO - Added 33 moving average features
2025-07-14 14:28:59,096 - system - INFO - StockSage.AI logging system initialized | module=system
2025-07-14 14:28:59,096 - system - INFO - Python version: 3.13.5 (tags/v3.13.5:6cb20a2, Jun 11 2025, 16:15:46) [MSC v.1943 64 bit (AMD64)] | module=system
2025-07-14 14:28:59,096 - system - INFO - Working directory: D:\StockSage.AI | module=system
2025-07-14 14:28:59,096 - system - INFO - Log level: INFO | module=system
2025-07-14 14:28:59,096 - system - INFO - Environment: development | module=system
2025-07-14 14:29:00,030 - httpx - INFO - HTTP Request: GET http://testserver/health "HTTP/1.1 200 OK"
2025-07-14 14:29:00,034 - httpx - INFO - HTTP Request: GET http://testserver/health "HTTP/1.1 200 OK"
